0 info it worked if it ends with ok
1 verbose cli [
1 verbose cli   '/Users/hujianbo/.nvs/node/12.18.1/x64/bin/node',
1 verbose cli   '/usr/local/bin/npm',
1 verbose cli   'run',
1 verbose cli   'start'
1 verbose cli ]
2 info using npm@3.10.10
3 info using node@v12.18.1
4 verbose run-script [ 'prestart', 'start', 'poststart' ]
5 info lifecycle draggable-ts@0.1.0~prestart: draggable-ts@0.1.0
6 silly lifecycle draggable-ts@0.1.0~prestart: no script for prestart, continuing
7 info lifecycle draggable-ts@0.1.0~start: draggable-ts@0.1.0
8 verbose lifecycle draggable-ts@0.1.0~start: unsafe-perm in lifecycle true
9 verbose lifecycle draggable-ts@0.1.0~start: PATH: /Users/hujianbo/.config/yarn/global/node_modules/npm/bin/node-gyp-bin:/Users/hujianbo/github/draggable-react/node_modules/.bin:/Users/hujianbo/.nvs/node/12.18.1/x64/bin:/Users/hujianbo/.cabal/bin:/Users/hujianbo/.ghcup/bin:/Users/hujianbo/.yarn/bin:/usr/local/sbin:/usr/local/bin:/Users/hujianbo/.nvs/default/bin:/usr/local/bin:/usr/bin:/bin:/usr/sbin:/sbin:/usr/local/go/bin:/Library/Apple/usr/bin:/Users/hujianbo/.cabal/bin:/Users/hujianbo/.ghcup/bin:/Users/hujianbo/.yarn/bin:/usr/local/sbin:/Users/hujianbo/.nvs/default/bin:/Users/hujianbo/.cargo/bin:/Users/hujianbo/go/bin:/Users/hujianbo/go/bin
10 verbose lifecycle draggable-ts@0.1.0~start: CWD: /Users/hujianbo/github/draggable-react
11 silly lifecycle draggable-ts@0.1.0~start: Args: [ '-c', 'react-scripts start' ]
12 silly lifecycle draggable-ts@0.1.0~start: Returned: code: 1  signal: null
13 info lifecycle draggable-ts@0.1.0~start: Failed to exec start script
14 verbose stack Error: draggable-ts@0.1.0 start: `react-scripts start`
14 verbose stack Exit status 1
14 verbose stack     at EventEmitter.<anonymous> (/Users/hujianbo/.config/yarn/global/node_modules/npm/lib/utils/lifecycle.js:255:16)
14 verbose stack     at EventEmitter.emit (events.js:315:20)
14 verbose stack     at ChildProcess.<anonymous> (/Users/hujianbo/.config/yarn/global/node_modules/npm/lib/utils/spawn.js:40:14)
14 verbose stack     at ChildProcess.emit (events.js:315:20)
14 verbose stack     at maybeClose (internal/child_process.js:1021:16)
14 verbose stack     at Process.ChildProcess._handle.onexit (internal/child_process.js:286:5)
15 verbose pkgid draggable-ts@0.1.0
16 verbose cwd /Users/hujianbo/github/draggable-react
17 error Darwin 20.6.0
18 error argv "/Users/hujianbo/.nvs/node/12.18.1/x64/bin/node" "/usr/local/bin/npm" "run" "start"
19 error node v12.18.1
20 error npm  v3.10.10
21 error code ELIFECYCLE
22 error draggable-ts@0.1.0 start: `react-scripts start`
22 error Exit status 1
23 error Failed at the draggable-ts@0.1.0 start script 'react-scripts start'.
23 error Make sure you have the latest version of node.js and npm installed.
23 error If you do, this is most likely a problem with the draggable-ts package,
23 error not with npm itself.
23 error Tell the author that this fails on your system:
23 error     react-scripts start
23 error You can get information on how to open an issue for this project with:
23 error     npm bugs draggable-ts
23 error Or if that isn't available, you can get their info via:
23 error     npm owner ls draggable-ts
23 error There is likely additional logging output above.
24 verbose exit [ 1, true ]
